<?xml version="1.0" encoding="UTF-8"?>
<testsuite xmlns:xsi="http://www.w3.org/2001/XMLSchema-instance" xsi:noNamespaceSchemaLocation="https://maven.apache.org/surefire/maven-surefire-plugin/xsd/surefire-test-report.xsd" version="3.0.2" name="pa.com.segurossura.logsandaudit.LogsAndAuditsApplicationTests" time="2.476" tests="1" errors="0" skipped="0" failures="0">
  <properties>
[...]
</properties>
  <testcase name="contextLoads" classname="pa.com.segurossura.logsandaudit.LogsAndAuditsApplicationTests" time="0.235">
    <system-out><![CDATA[05:03:21.855 [main] INFO org.springframework.test.context.support.AnnotationConfigContextLoaderUtils -- Could not detect default configuration classes for test class [pa.com.segurossura.logsandaudit.LogsAndAuditsApplicationTests]: LogsAndAuditsApplicationTests does not declare any static, non-private, non-final, nested classes annotated with @Configuration.
05:03:21.900 [main] INFO org.springframework.boot.test.context.SpringBootTestContextBootstrapper -- Found @SpringBootConfiguration pa.com.segurossura.logsandaudit.LogsAndAuditsApplication for test class pa.com.segurossura.logsandaudit.LogsAndAuditsApplicationTests

  .   ____          _            __ _ _
 /\\ / ___'_ __ _ _(_)_ __  __ _ \ \ \ \
( ( )\___ | '_ | '_| | '_ \/ _` | \ \ \ \
 \\/  ___)| |_)| | | | | || (_| |  ) ) ) )
  '  |____| .__|_| |_|_| |_\__, | / / / /
 =========|_|==============|___/=/_/_/_/

 :: Spring Boot ::                (v3.5.0)

{"timestamp":"2025-06-10T09:03:22.178992Z","@version":"1","level":"INFO","logger":"org.hibernate.validator.internal.util.Version","thread":"background-preinit","message":"HV000001: Hibernate Validator 8.0.2.Final"}
{"timestamp":"2025-06-10T09:03:22.188786Z","@version":"1","level":"INFO","logger":"pa.com.segurossura.logsandaudit.LogsAndAuditsApplicationTests","thread":"main","message":"Starting LogsAndAuditsApplicationTests using Java 24.0.1 with PID 78329 (started by rodrigolopezgatica in /Users/rodrigolopezgatica/Mis_Proyectos/Medium/Logs/LogsAndAudits)"}
{"timestamp":"2025-06-10T09:03:22.189222Z","@version":"1","level":"DEBUG","logger":"pa.com.segurossura.logsandaudit.LogsAndAuditsApplicationTests","thread":"main","message":"Running with Spring Boot v3.5.0, Spring v6.2.7"}
{"timestamp":"2025-06-10T09:03:22.189637Z","@version":"1","level":"INFO","logger":"pa.com.segurossura.logsandaudit.LogsAndAuditsApplicationTests","thread":"main","message":"No active profile set, falling back to 1 default profile: \"default\""}
{"timestamp":"2025-06-10T09:03:22.519643Z","@version":"1","level":"INFO","logger":"org.springframework.data.repository.config.RepositoryConfigurationDelegate","thread":"main","message":"Bootstrapping Spring Data JPA repositories in DEFAULT mode."}
{"timestamp":"2025-06-10T09:03:22.543116Z","@version":"1","level":"INFO","logger":"org.springframework.data.repository.config.RepositoryConfigurationDelegate","thread":"main","message":"Finished Spring Data repository scanning in 19 ms. Found 1 JPA repository interface."}
{"timestamp":"2025-06-10T09:03:22.780112Z","@version":"1","level":"INFO","logger":"org.hibernate.jpa.internal.util.LogHelper","thread":"main","message":"HHH000204: Processing PersistenceUnitInfo [name: default]"}
{"timestamp":"2025-06-10T09:03:22.797355Z","@version":"1","level":"INFO","logger":"org.hibernate.Version","thread":"main","message":"HHH000412: Hibernate ORM core version 6.6.15.Final"}
{"timestamp":"2025-06-10T09:03:22.808736Z","@version":"1","level":"INFO","logger":"org.hibernate.cache.internal.RegionFactoryInitiator","thread":"main","message":"HHH000026: Second-level cache disabled"}
{"timestamp":"2025-06-10T09:03:22.910828Z","@version":"1","level":"INFO","logger":"org.springframework.orm.jpa.persistenceunit.SpringPersistenceUnitInfo","thread":"main","message":"No LoadTimeWeaver setup: ignoring JPA class transformer"}
{"timestamp":"2025-06-10T09:03:22.922465Z","@version":"1","level":"INFO","logger":"com.zaxxer.hikari.HikariDataSource","thread":"main","message":"HikariPool - Starting..."}
{"timestamp":"2025-06-10T09:03:23.143978Z","@version":"1","level":"INFO","logger":"com.zaxxer.hikari.pool.HikariPool","thread":"main","message":"HikariPool - Added connection oracle.jdbc.driver.T4CConnection@56f61d74"}
{"timestamp":"2025-06-10T09:03:23.144621Z","@version":"1","level":"INFO","logger":"com.zaxxer.hikari.HikariDataSource","thread":"main","message":"HikariPool - Start completed."}
{"timestamp":"2025-06-10T09:03:23.242037Z","@version":"1","level":"INFO","logger":"org.hibernate.orm.connections.pooling","thread":"main","message":"HHH10001005: Database info:\n\tDatabase JDBC URL [Connecting through datasource 'HikariDataSource (HikariPool)']\n\tDatabase driver: undefined/unknown\n\tDatabase version: 23.7\n\tAutocommit mode: undefined/unknown\n\tIsolation level: undefined/unknown\n\tMinimum pool size: undefined/unknown\n\tMaximum pool size: undefined/unknown"}
{"timestamp":"2025-06-10T09:03:23.546364Z","@version":"1","level":"INFO","logger":"org.hibernate.engine.transaction.jta.platform.internal.JtaPlatformInitiator","thread":"main","message":"HHH000489: No JTA platform available (set 'hibernate.transaction.jta.platform' to enable JTA platform integration)"}
{"timestamp":"2025-06-10T09:03:23.633127Z","@version":"1","level":"INFO","logger":"org.springframework.orm.jpa.LocalContainerEntityManagerFactoryBean","thread":"main","message":"Initialized JPA EntityManagerFactory for persistence unit 'default'"}
{"timestamp":"2025-06-10T09:03:24.002452Z","@version":"1","level":"INFO","logger":"org.springframework.boot.actuate.endpoint.web.EndpointLinksResolver","thread":"main","message":"Exposing 1 endpoint beneath base path '/actuator'"}
{"timestamp":"2025-06-10T09:03:24.03553Z","@version":"1","level":"INFO","logger":"pa.com.segurossura.logsandaudit.LogsAndAuditsApplicationTests","thread":"main","message":"Started LogsAndAuditsApplicationTests in 2.086 seconds (process running for 2.446)"}
]]></system-out>
    <system-err><![CDATA[Mockito is currently self-attaching to enable the inline-mock-maker. This will no longer work in future releases of the JDK. Please add Mockito as an agent to your build as described in Mockito's documentation: https://javadoc.io/doc/org.mockito/mockito-core/latest/org.mockito/org/mockito/Mockito.html#0.3
WARNING: A Java agent has been loaded dynamically (/Users/rodrigolopezgatica/.m2/repository/net/bytebuddy/byte-buddy-agent/1.17.5/byte-buddy-agent-1.17.5.jar)
WARNING: If a serviceability tool is in use, please run with -XX:+EnableDynamicAgentLoading to hide this warning
WARNING: If a serviceability tool is not in use, please run with -Djdk.instrument.traceUsage for more information
WARNING: Dynamic loading of agents will be disallowed by default in a future release
]]></system-err>
  </testcase>
</testsuite>